<?xml version="1.0" encoding="UTF-8"?>
<!-- Generated by org.testng.reporters.JUnitReportReporter -->
<testsuite hostname="IN-PF2HXTL8" failures="0" tests="1" name="Streams.Basic" time="0.015" errors="0" timestamp="2024-02-02T21:44:05 IST" skipped="0">
  <testcase classname="Streams.Basic" name="Collect" time="0.015"/>
  <system-out/>
</testsuite> <!-- Streams.Basic -->
