<?xml version="1.0" encoding="UTF-8"?>
<!-- Generated by org.testng.reporters.JUnitReportReporter -->
<testsuite hostname="IN-PF2HXTL8" failures="0" tests="2" name="Rajeshlearning.tests.SubmitOrderTest" time="23.243" errors="0" timestamp="2024-02-19T17:47:36 IST" skipped="0">
  <testcase classname="Rajeshlearning.tests.SubmitOrderTest" name="submitOrder" time="11.849"/>
  <testcase classname="Rajeshlearning.tests.SubmitOrderTest" name="submitOrder" time="11.394"/>
</testsuite> <!-- Rajeshlearning.tests.SubmitOrderTest -->
