<?xml version="1.0" encoding="UTF-8"?>
<!-- Generated by org.testng.reporters.JUnitReportReporter -->
<testsuite hostname="IN-PF2HXTL8" failures="0" tests="1" name="Inheritance.PS1" time="0.014" errors="0" timestamp="2024-02-07T13:28:18 IST" skipped="0">
  <testcase classname="Inheritance.PS1" name="Demo" time="0.014"/>
  <system-out/>
</testsuite> <!-- Inheritance.PS1 -->
