<?xml version="1.0" encoding="UTF-8"?>
<!-- Generated by org.testng.reporters.JUnitReportReporter -->
<testsuite hostname="IN-PF2HXTL8" failures="0" tests="4" name="LearningTestNg.Day4" time="0.016" errors="0" timestamp="2024-02-06T17:21:47 IST" skipped="0">
  <testcase classname="LearningTestNg.Day4" name="Webhomeloanlogin" time="0.003"/>
  <system-out/>
  <testcase classname="LearningTestNg.Day4" name="Mobilehomesignout" time="0.001"/>
  <system-out/>
  <testcase classname="LearningTestNg.Day4" name="Mobilehomelogin" time="0.009"/>
  <system-out/>
  <testcase classname="LearningTestNg.Day4" name="Mobilehomeurl" time="0.003"/>
  <system-out/>
</testsuite> <!-- LearningTestNg.Day4 -->
