<?xml version="1.0" encoding="UTF-8"?>
<!-- Generated by org.testng.reporters.JUnitReportReporter -->
<testsuite hostname="IN-PF2HXTL8" failures="0" tests="4" name="LearningTestNg.Day4" time="0.010" errors="0" timestamp="2024-03-28T17:36:48 IST" skipped="0">
  <testcase classname="LearningTestNg.Day4" name="Mobilehomelogin" time="0.002"/>
  <system-out/>
  <testcase classname="LearningTestNg.Day4" name="Mobilehomeurl" time="0.003"/>
  <system-out/>
  <testcase classname="LearningTestNg.Day4" name="Webhomeloanlogin" time="0.003"/>
  <system-out/>
  <testcase classname="LearningTestNg.Day4" name="Mobilehomesignout" time="0.002"/>
  <system-out/>
</testsuite> <!-- LearningTestNg.Day4 -->
