<?xml version="1.0" encoding="UTF-8"?>
<!-- Generated by org.testng.reporters.JUnitReportReporter -->
<testsuite hostname="IN-PF2HXTL8" failures="1" tests="5" name="LearningTestNg.Day3" time="0.015" errors="0" timestamp="2024-03-28T17:36:48 IST" skipped="1">
  <testcase classname="LearningTestNg.Day3" name="Mobilecarsignin" time="0.002"/>
  <system-out/>
  <testcase classname="LearningTestNg.Day3" name="Mobilecarsignin" time="0.001"/>
  <system-out/>
  <testcase classname="LearningTestNg.Day3" name="Mobilecarsignin" time="0.002"/>
  <system-out/>
  <testcase classname="LearningTestNg.Day3" name="Apicarlogout" time="0.010">
    <failure message="expected [true] but found [false]" type="java.lang.AssertionError">
      <![CDATA[java.lang.AssertionError: expected [true] but found [false]
at org.testng.Assert.fail(Assert.java:99)
at org.testng.Assert.failNotEquals(Assert.java:1037)
at org.testng.Assert.assertTrue(Assert.java:45)
at org.testng.Assert.assertTrue(Assert.java:55)
at LearningTestNg.Day3.Apicarlogout(Day3.java:37)
at java.base/jdk.internal.reflect.NativeMethodAccessorImpl.invoke0(Native Method)
at java.base/jdk.internal.reflect.NativeMethodAccessorImpl.invoke(NativeMethodAccessorImpl.java:77)
at java.base/jdk.internal.reflect.DelegatingMethodAccessorImpl.invoke(DelegatingMethodAccessorImpl.java:43)
at java.base/java.lang.reflect.Method.invoke(Method.java:568)
at org.testng.internal.MethodInvocationHelper.invokeMethod(MethodInvocationHelper.java:133)
at org.testng.internal.InvokeMethodRunnable.runOne(InvokeMethodRunnable.java:45)
at org.testng.internal.InvokeMethodRunnable.call(InvokeMethodRunnable.java:73)
at org.testng.internal.InvokeMethodRunnable.call(InvokeMethodRunnable.java:11)
at java.base/java.util.concurrent.FutureTask.run(FutureTask.java:264)
at java.base/java.util.concurrent.ThreadPoolExecutor.runWorker(ThreadPoolExecutor.java:1136)
at java.base/java.util.concurrent.ThreadPoolExecutor$Worker.run(ThreadPoolExecutor.java:635)
at java.base/java.lang.Thread.run(Thread.java:840)
]]>
    </failure>
  </testcase> <!-- Apicarlogout -->
  <system-out/>
  <testcase classname="LearningTestNg.Day3" name="Apicarlogin">
    <skipped/>
  </testcase> <!-- Apicarlogin -->
  <system-out/>
</testsuite> <!-- LearningTestNg.Day3 -->
