<?xml version="1.0" encoding="UTF-8"?>
<!-- Generated by org.testng.reporters.JUnitReportReporter -->
<testsuite hostname="IN-PF2HXTL8" failures="0" tests="1" name="LearningTestNg.Day2" time="0.002" errors="0" timestamp="2024-03-28T17:36:48 IST" skipped="0">
  <testcase classname="LearningTestNg.Day2" name="Personalloan" time="0.002"/>
  <system-out/>
</testsuite> <!-- LearningTestNg.Day2 -->
