<?xml version="1.0" encoding="UTF-8"?>
<!-- Generated by org.testng.reporters.JUnitReportReporter -->
<testsuite hostname="IN-PF2HXTL8" failures="0" tests="1" name="LearningTestNg.Basic" time="0.007" errors="0" timestamp="2024-02-05T18:42:52 IST" skipped="0">
  <testcase classname="LearningTestNg.Basic" name="Demo" time="0.007"/>
  <system-out/>
</testsuite> <!-- LearningTestNg.Basic -->
