<?xml version="1.0" encoding="UTF-8"?>
<!-- Generated by org.testng.reporters.JUnitReportReporter -->
<testsuite hostname="IN-PF2HXTL8" failures="0" tests="1" name="Rajeshlearning.ExtentReports.ExtentReportDemo" time="8.809" errors="0" timestamp="2024-02-12T20:27:58 IST" skipped="0">
  <testcase classname="Rajeshlearning.ExtentReports.ExtentReportDemo" name="initialDemo" time="8.809"/>
  <system-out/>
</testsuite> <!-- Rajeshlearning.ExtentReports.ExtentReportDemo -->
