<?xml version="1.0" encoding="UTF-8"?>
<!-- Generated by org.testng.reporters.JUnitReportReporter -->
<testsuite hostname="IN-PF2HXTL8" failures="0" tests="3" name="Rajeshlearning.tests.SubmitOrderTest" time="27.795" errors="0" timestamp="2024-02-13T18:23:26 IST" skipped="0">
  <testcase classname="Rajeshlearning.tests.SubmitOrderTest" name="submitOrder" time="12.138"/>
  <system-out/>
  <testcase classname="Rajeshlearning.tests.SubmitOrderTest" name="orderHistoryTest" time="6.224"/>
  <system-out/>
  <testcase classname="Rajeshlearning.tests.SubmitOrderTest" name="submitOrder" time="9.433"/>
  <system-out/>
</testsuite> <!-- Rajeshlearning.tests.SubmitOrderTest -->
