<?xml version="1.0" encoding="UTF-8"?>
<!-- Generated by org.testng.reporters.JUnitReportReporter -->
<testsuite hostname="IN-PF2HXTL8" failures="0" tests="1" name="cucumber.TestNGTestRunner" time="10.832" errors="0" timestamp="2024-02-19T17:06:41 IST" skipped="0">
  <testcase classname="cucumber.TestNGTestRunner" name="runScenario" time="10.832"/>
  <system-out/>
</testsuite> <!-- cucumber.TestNGTestRunner -->
