<?xml version="1.0" encoding="UTF-8"?>
<!-- Generated by org.testng.reporters.JUnitReportReporter -->
<testsuite hostname="IN-PF2HXTL8" failures="0" tests="1" name="UploadandDownload" time="26.346" errors="0" timestamp="2024-03-28T17:34:08 IST" skipped="0">
  <testcase classname="UploadandDownload" name="Upload" time="26.346"/>
  <system-out/>
</testsuite> <!-- UploadandDownload -->
