<?xml version="1.0" encoding="UTF-8"?>
<!-- Generated by org.testng.reporters.JUnitReportReporter -->
<testsuite hostname="IN-PF2HXTL8" failures="0" tests="1" name="RowValue" time="0.930" errors="0" timestamp="2024-02-21T22:32:05 IST" skipped="0">
  <testcase classname="RowValue" name="getRowNumber" time="0.930"/>
  <system-out/>
</testsuite> <!-- RowValue -->
