<?xml version="1.0" encoding="UTF-8"?>
<!-- Generated by org.testng.reporters.JUnitReportReporter -->
<testsuite hostname="IN-PF2HXTL8" failures="0" tests="3" name="Dataprovide" time="0.010" errors="0" timestamp="2024-02-21T16:11:52 IST" skipped="0">
  <testcase classname="Dataprovide" name="testcaseData" time="0.001"/>
  <system-out/>
  <testcase classname="Dataprovide" name="testcaseData" time="0.001"/>
  <system-out/>
  <testcase classname="Dataprovide" name="testcaseData" time="0.008"/>
  <system-out/>
</testsuite> <!-- Dataprovide -->
