<?xml version="1.0" encoding="UTF-8"?>
<!-- Generated by org.testng.reporters.JUnitReportReporter -->
<testsuite hostname="IN-PF2HXTL8" failures="0" tests="1" name="UploadExcel" time="1.097" errors="0" timestamp="2024-02-21T20:51:34 IST" skipped="0">
  <testcase classname="UploadExcel" name="upload" time="1.097"/>
  <system-out/>
</testsuite> <!-- UploadExcel -->
